<?xml version="1.0" encoding="UTF-8"?>
<!-- Generated by org.testng.reporters.JUnitXMLReporter -->
<testsuite ignored="0" hostname="Sankets-MacBook-Pro.local" failures="0" tests="2" name="Default test" time="50.807" errors="0" timestamp="2026-02-12T15:44:37 IST">
  <testcase classname="io.cucumber.testng.AbstractTestNGCucumberTests" name="runScenario" time="26.665"/>
  <testcase classname="io.cucumber.testng.AbstractTestNGCucumberTests" name="runScenario" time="20.863"/>
</testsuite> <!-- Default test -->
