<?xml version="1.0" encoding="UTF-8"?>
<!-- Generated by org.testng.reporters.JUnitXMLReporter -->
<testsuite ignored="0" hostname="Sankets-MacBook-Pro.local" failures="13" tests="13" name="Alarm Feature - Safari" time="154.118" errors="0" timestamp="2026-01-15T17:09:59 IST">
  <testcase classname="io.cucumber.testng.AbstractTestNGCucumberTests" name="runScenario" time="12.624">
    <failure type="org.openqa.selenium.NoSuchWindowException" message="Build info: version: &amp;apos;4.21.0&amp;apos;, revision: &amp;apos;79ed462ef4&amp;apos;
System info: os.name: &amp;apos;Mac OS X&amp;apos;, os.arch: &amp;apos;aarch64&amp;apos;, os.version: &amp;apos;26.1&amp;apos;, java.version: &amp;apos;21.0.9&amp;apos;
Driver info: org.openqa.selenium.safari.SafariDriver
Command: [BD8B3D7A-4C4B-4A36-97BB-0A04BB5FDEFC, get {url=https://opensource-demo.orangehrmlive.com/web/index.php/auth/login}]
Capabilities {acceptInsecureCerts: false, browserName: Safari, browserVersion: 26.1, platformName: mac, safari:automaticInspection: false, safari:automaticProfiling: false, safari:diagnose: false, safari:experimentalWebSocketUrl: false, safari:platformBuildVersion: 25B78, safari:platformVersion: 26.1, safari:useSimulator: false, setWindowRect: true, strictFileInteractability: false, webkit:WebRTC: {DisableICECandidateFiltering: false, DisableInsecureMediaCapture: false}, webkit:alwaysAllowAutoplay: false}
Session ID: BD8B3D7A-4C4B-4A36-97BB-0A04BB5FDEFC">
      <![CDATA[org.openqa.selenium.NoSuchWindowException: Build info: version: '4.21.0', revision: '79ed462ef4'
System info: os.name: 'Mac OS X', os.arch: 'aarch64', os.version: '26.1', java.version: '21.0.9'
Driver info: org.openqa.selenium.safari.SafariDriver
Command: [BD8B3D7A-4C4B-4A36-97BB-0A04BB5FDEFC, get {url=https://opensource-demo.orangehrmlive.com/web/index.php/auth/login}]
Capabilities {acceptInsecureCerts: false, browserName: Safari, browserVersion: 26.1, platformName: mac, safari:automaticInspection: false, safari:automaticProfiling: false, safari:diagnose: false, safari:experimentalWebSocketUrl: false, safari:platformBuildVersion: 25B78, safari:platformVersion: 26.1, safari:useSimulator: false, setWindowRect: true, strictFileInteractability: false, webkit:WebRTC: {DisableICECandidateFiltering: false, DisableInsecureMediaCapture: false}, webkit:alwaysAllowAutoplay: false}
Session ID: BD8B3D7A-4C4B-4A36-97BB-0A04BB5FDEFC
at org.openqa.selenium.remote.ErrorCodec.decode(ErrorCodec.java:167)
at org.openqa.selenium.remote.codec.w3c.W3CHttpResponseCodec.decode(W3CHttpResponseCodec.java:138)
at org.openqa.selenium.remote.codec.w3c.W3CHttpResponseCodec.decode(W3CHttpResponseCodec.java:50)
at org.openqa.selenium.remote.HttpCommandExecutor.execute(HttpCommandExecutor.java:190)
at org.openqa.selenium.remote.service.DriverCommandExecutor.invokeExecute(DriverCommandExecutor.java:216)
at org.openqa.selenium.remote.service.DriverCommandExecutor.execute(DriverCommandExecutor.java:174)
at org.openqa.selenium.remote.RemoteWebDriver.execute(RemoteWebDriver.java:518)
at org.openqa.selenium.remote.RemoteWebDriver.get(RemoteWebDriver.java:300)
at stepdefination.AlarmPageSteps.user_is_logged_into_the_application(AlarmPageSteps.java:24)
at ✽.user is logged into the application(file:///Users/sanketmulay/Cucumber_Framework/Cucumber/src/test/resources/com/features/AlarmPage.feature:5)
... Removed 3 stack frames]]>
    </failure>
  </testcase> <!-- runScenario -->
  <testcase classname="io.cucumber.testng.AbstractTestNGCucumberTests" name="runScenario" time="11.306">
    <failure type="org.openqa.selenium.NoSuchSessionException" message="Build info: version: &amp;apos;4.21.0&amp;apos;, revision: &amp;apos;79ed462ef4&amp;apos;
System info: os.name: &amp;apos;Mac OS X&amp;apos;, os.arch: &amp;apos;aarch64&amp;apos;, os.version: &amp;apos;26.1&amp;apos;, java.version: &amp;apos;21.0.9&amp;apos;
Driver info: org.openqa.selenium.safari.SafariDriver
Command: [0FEFA4A2-544C-4255-9529-AB798F725F57, get {url=https://opensource-demo.orangehrmlive.com/web/index.php/auth/login}]
Capabilities {acceptInsecureCerts: false, browserName: Safari, browserVersion: 26.1, platformName: mac, safari:automaticInspection: false, safari:automaticProfiling: false, safari:diagnose: false, safari:experimentalWebSocketUrl: false, safari:platformBuildVersion: 25B78, safari:platformVersion: 26.1, safari:useSimulator: false, setWindowRect: true, strictFileInteractability: false, webkit:WebRTC: {DisableICECandidateFiltering: false, DisableInsecureMediaCapture: false}, webkit:alwaysAllowAutoplay: false}
Session ID: 0FEFA4A2-544C-4255-9529-AB798F725F57">
      <![CDATA[org.openqa.selenium.NoSuchSessionException: Build info: version: '4.21.0', revision: '79ed462ef4'
System info: os.name: 'Mac OS X', os.arch: 'aarch64', os.version: '26.1', java.version: '21.0.9'
Driver info: org.openqa.selenium.safari.SafariDriver
Command: [0FEFA4A2-544C-4255-9529-AB798F725F57, get {url=https://opensource-demo.orangehrmlive.com/web/index.php/auth/login}]
Capabilities {acceptInsecureCerts: false, browserName: Safari, browserVersion: 26.1, platformName: mac, safari:automaticInspection: false, safari:automaticProfiling: false, safari:diagnose: false, safari:experimentalWebSocketUrl: false, safari:platformBuildVersion: 25B78, safari:platformVersion: 26.1, safari:useSimulator: false, setWindowRect: true, strictFileInteractability: false, webkit:WebRTC: {DisableICECandidateFiltering: false, DisableInsecureMediaCapture: false}, webkit:alwaysAllowAutoplay: false}
Session ID: 0FEFA4A2-544C-4255-9529-AB798F725F57
at org.openqa.selenium.remote.ErrorCodec.decode(ErrorCodec.java:167)
at org.openqa.selenium.remote.codec.w3c.W3CHttpResponseCodec.decode(W3CHttpResponseCodec.java:138)
at org.openqa.selenium.remote.codec.w3c.W3CHttpResponseCodec.decode(W3CHttpResponseCodec.java:50)
at org.openqa.selenium.remote.HttpCommandExecutor.execute(HttpCommandExecutor.java:190)
at org.openqa.selenium.remote.service.DriverCommandExecutor.invokeExecute(DriverCommandExecutor.java:216)
at org.openqa.selenium.remote.service.DriverCommandExecutor.execute(DriverCommandExecutor.java:174)
at org.openqa.selenium.remote.RemoteWebDriver.execute(RemoteWebDriver.java:518)
at org.openqa.selenium.remote.RemoteWebDriver.get(RemoteWebDriver.java:300)
at stepdefination.LoginPageSteps.user_is_on_login_page(LoginPageSteps.java:34)
at ✽.user is on login page(file:///Users/sanketmulay/Cucumber_Framework/Cucumber/src/test/resources/com/features/LoginPage.feature:5)
... Removed 3 stack frames]]>
    </failure>
  </testcase> <!-- runScenario -->
  <testcase classname="io.cucumber.testng.AbstractTestNGCucumberTests" name="runScenario" time="11.118">
    <failure type="org.openqa.selenium.NoSuchWindowException" message="Build info: version: &amp;apos;4.21.0&amp;apos;, revision: &amp;apos;79ed462ef4&amp;apos;
System info: os.name: &amp;apos;Mac OS X&amp;apos;, os.arch: &amp;apos;aarch64&amp;apos;, os.version: &amp;apos;26.1&amp;apos;, java.version: &amp;apos;21.0.9&amp;apos;
Driver info: org.openqa.selenium.safari.SafariDriver
Command: [8E59129F-F738-45C9-A9FF-919284E1D9B9, get {url=https://opensource-demo.orangehrmlive.com/web/index.php/auth/login}]
Capabilities {acceptInsecureCerts: false, browserName: Safari, browserVersion: 26.1, platformName: mac, safari:automaticInspection: false, safari:automaticProfiling: false, safari:diagnose: false, safari:experimentalWebSocketUrl: false, safari:platformBuildVersion: 25B78, safari:platformVersion: 26.1, safari:useSimulator: false, setWindowRect: true, strictFileInteractability: false, webkit:WebRTC: {DisableICECandidateFiltering: false, DisableInsecureMediaCapture: false}, webkit:alwaysAllowAutoplay: false}
Session ID: 8E59129F-F738-45C9-A9FF-919284E1D9B9">
      <![CDATA[org.openqa.selenium.NoSuchWindowException: Build info: version: '4.21.0', revision: '79ed462ef4'
System info: os.name: 'Mac OS X', os.arch: 'aarch64', os.version: '26.1', java.version: '21.0.9'
Driver info: org.openqa.selenium.safari.SafariDriver
Command: [8E59129F-F738-45C9-A9FF-919284E1D9B9, get {url=https://opensource-demo.orangehrmlive.com/web/index.php/auth/login}]
Capabilities {acceptInsecureCerts: false, browserName: Safari, browserVersion: 26.1, platformName: mac, safari:automaticInspection: false, safari:automaticProfiling: false, safari:diagnose: false, safari:experimentalWebSocketUrl: false, safari:platformBuildVersion: 25B78, safari:platformVersion: 26.1, safari:useSimulator: false, setWindowRect: true, strictFileInteractability: false, webkit:WebRTC: {DisableICECandidateFiltering: false, DisableInsecureMediaCapture: false}, webkit:alwaysAllowAutoplay: false}
Session ID: 8E59129F-F738-45C9-A9FF-919284E1D9B9
at org.openqa.selenium.remote.ErrorCodec.decode(ErrorCodec.java:167)
at org.openqa.selenium.remote.codec.w3c.W3CHttpResponseCodec.decode(W3CHttpResponseCodec.java:138)
at org.openqa.selenium.remote.codec.w3c.W3CHttpResponseCodec.decode(W3CHttpResponseCodec.java:50)
at org.openqa.selenium.remote.HttpCommandExecutor.execute(HttpCommandExecutor.java:190)
at org.openqa.selenium.remote.service.DriverCommandExecutor.invokeExecute(DriverCommandExecutor.java:216)
at org.openqa.selenium.remote.service.DriverCommandExecutor.execute(DriverCommandExecutor.java:174)
at org.openqa.selenium.remote.RemoteWebDriver.execute(RemoteWebDriver.java:518)
at org.openqa.selenium.remote.RemoteWebDriver.get(RemoteWebDriver.java:300)
at stepdefination.LoginPageSteps.user_is_on_login_page(LoginPageSteps.java:34)
at ✽.user is on login page(file:///Users/sanketmulay/Cucumber_Framework/Cucumber/src/test/resources/com/features/LoginPage.feature:5)
... Removed 3 stack frames]]>
    </failure>
  </testcase> <!-- runScenario -->
  <testcase classname="io.cucumber.testng.AbstractTestNGCucumberTests" name="runScenario" time="11.129">
    <failure type="org.openqa.selenium.NoSuchWindowException" message="Build info: version: &amp;apos;4.21.0&amp;apos;, revision: &amp;apos;79ed462ef4&amp;apos;
System info: os.name: &amp;apos;Mac OS X&amp;apos;, os.arch: &amp;apos;aarch64&amp;apos;, os.version: &amp;apos;26.1&amp;apos;, java.version: &amp;apos;21.0.9&amp;apos;
Driver info: org.openqa.selenium.safari.SafariDriver
Command: [268106EB-3B3E-4749-BA28-570A85A6FC4B, get {url=https://opensource-demo.orangehrmlive.com/web/index.php/auth/login}]
Capabilities {acceptInsecureCerts: false, browserName: Safari, browserVersion: 26.1, platformName: mac, safari:automaticInspection: false, safari:automaticProfiling: false, safari:diagnose: false, safari:experimentalWebSocketUrl: false, safari:platformBuildVersion: 25B78, safari:platformVersion: 26.1, safari:useSimulator: false, setWindowRect: true, strictFileInteractability: false, webkit:WebRTC: {DisableICECandidateFiltering: false, DisableInsecureMediaCapture: false}, webkit:alwaysAllowAutoplay: false}
Session ID: 268106EB-3B3E-4749-BA28-570A85A6FC4B">
      <![CDATA[org.openqa.selenium.NoSuchWindowException: Build info: version: '4.21.0', revision: '79ed462ef4'
System info: os.name: 'Mac OS X', os.arch: 'aarch64', os.version: '26.1', java.version: '21.0.9'
Driver info: org.openqa.selenium.safari.SafariDriver
Command: [268106EB-3B3E-4749-BA28-570A85A6FC4B, get {url=https://opensource-demo.orangehrmlive.com/web/index.php/auth/login}]
Capabilities {acceptInsecureCerts: false, browserName: Safari, browserVersion: 26.1, platformName: mac, safari:automaticInspection: false, safari:automaticProfiling: false, safari:diagnose: false, safari:experimentalWebSocketUrl: false, safari:platformBuildVersion: 25B78, safari:platformVersion: 26.1, safari:useSimulator: false, setWindowRect: true, strictFileInteractability: false, webkit:WebRTC: {DisableICECandidateFiltering: false, DisableInsecureMediaCapture: false}, webkit:alwaysAllowAutoplay: false}
Session ID: 268106EB-3B3E-4749-BA28-570A85A6FC4B
at org.openqa.selenium.remote.ErrorCodec.decode(ErrorCodec.java:167)
at org.openqa.selenium.remote.codec.w3c.W3CHttpResponseCodec.decode(W3CHttpResponseCodec.java:138)
at org.openqa.selenium.remote.codec.w3c.W3CHttpResponseCodec.decode(W3CHttpResponseCodec.java:50)
at org.openqa.selenium.remote.HttpCommandExecutor.execute(HttpCommandExecutor.java:190)
at org.openqa.selenium.remote.service.DriverCommandExecutor.invokeExecute(DriverCommandExecutor.java:216)
at org.openqa.selenium.remote.service.DriverCommandExecutor.execute(DriverCommandExecutor.java:174)
at org.openqa.selenium.remote.RemoteWebDriver.execute(RemoteWebDriver.java:518)
at org.openqa.selenium.remote.RemoteWebDriver.get(RemoteWebDriver.java:300)
at stepdefination.LoginPageSteps.user_is_on_login_page(LoginPageSteps.java:34)
at ✽.user is on login page(file:///Users/sanketmulay/Cucumber_Framework/Cucumber/src/test/resources/com/features/LoginPage.feature:5)
... Removed 3 stack frames]]>
    </failure>
  </testcase> <!-- runScenario -->
  <testcase classname="io.cucumber.testng.AbstractTestNGCucumberTests" name="runScenario" time="14.24">
    <failure type="org.openqa.selenium.NoSuchWindowException" message="Build info: version: &amp;apos;4.21.0&amp;apos;, revision: &amp;apos;79ed462ef4&amp;apos;
System info: os.name: &amp;apos;Mac OS X&amp;apos;, os.arch: &amp;apos;aarch64&amp;apos;, os.version: &amp;apos;26.1&amp;apos;, java.version: &amp;apos;21.0.9&amp;apos;
Driver info: org.openqa.selenium.safari.SafariDriver
Command: [32770638-47FA-42F5-B381-3B65F710FAE0, get {url=https://opensource-demo.orangehrmlive.com/web/index.php/auth/login}]
Capabilities {acceptInsecureCerts: false, browserName: Safari, browserVersion: 26.1, platformName: mac, safari:automaticInspection: false, safari:automaticProfiling: false, safari:diagnose: false, safari:experimentalWebSocketUrl: false, safari:platformBuildVersion: 25B78, safari:platformVersion: 26.1, safari:useSimulator: false, setWindowRect: true, strictFileInteractability: false, webkit:WebRTC: {DisableICECandidateFiltering: false, DisableInsecureMediaCapture: false}, webkit:alwaysAllowAutoplay: false}
Session ID: 32770638-47FA-42F5-B381-3B65F710FAE0">
      <![CDATA[org.openqa.selenium.NoSuchWindowException: Build info: version: '4.21.0', revision: '79ed462ef4'
System info: os.name: 'Mac OS X', os.arch: 'aarch64', os.version: '26.1', java.version: '21.0.9'
Driver info: org.openqa.selenium.safari.SafariDriver
Command: [32770638-47FA-42F5-B381-3B65F710FAE0, get {url=https://opensource-demo.orangehrmlive.com/web/index.php/auth/login}]
Capabilities {acceptInsecureCerts: false, browserName: Safari, browserVersion: 26.1, platformName: mac, safari:automaticInspection: false, safari:automaticProfiling: false, safari:diagnose: false, safari:experimentalWebSocketUrl: false, safari:platformBuildVersion: 25B78, safari:platformVersion: 26.1, safari:useSimulator: false, setWindowRect: true, strictFileInteractability: false, webkit:WebRTC: {DisableICECandidateFiltering: false, DisableInsecureMediaCapture: false}, webkit:alwaysAllowAutoplay: false}
Session ID: 32770638-47FA-42F5-B381-3B65F710FAE0
at org.openqa.selenium.remote.ErrorCodec.decode(ErrorCodec.java:167)
at org.openqa.selenium.remote.codec.w3c.W3CHttpResponseCodec.decode(W3CHttpResponseCodec.java:138)
at org.openqa.selenium.remote.codec.w3c.W3CHttpResponseCodec.decode(W3CHttpResponseCodec.java:50)
at org.openqa.selenium.remote.HttpCommandExecutor.execute(HttpCommandExecutor.java:190)
at org.openqa.selenium.remote.service.DriverCommandExecutor.invokeExecute(DriverCommandExecutor.java:216)
at org.openqa.selenium.remote.service.DriverCommandExecutor.execute(DriverCommandExecutor.java:174)
at org.openqa.selenium.remote.RemoteWebDriver.execute(RemoteWebDriver.java:518)
at org.openqa.selenium.remote.RemoteWebDriver.get(RemoteWebDriver.java:300)
at stepdefination.LoginPageSteps.user_is_on_login_page(LoginPageSteps.java:34)
at ✽.user is on login page(file:///Users/sanketmulay/Cucumber_Framework/Cucumber/src/test/resources/com/features/LoginPage.feature:5)
... Removed 3 stack frames]]>
    </failure>
  </testcase> <!-- runScenario -->
  <testcase classname="io.cucumber.testng.AbstractTestNGCucumberTests" name="runScenario" time="11.087">
    <failure type="org.openqa.selenium.NoSuchWindowException" message="Build info: version: &amp;apos;4.21.0&amp;apos;, revision: &amp;apos;79ed462ef4&amp;apos;
System info: os.name: &amp;apos;Mac OS X&amp;apos;, os.arch: &amp;apos;aarch64&amp;apos;, os.version: &amp;apos;26.1&amp;apos;, java.version: &amp;apos;21.0.9&amp;apos;
Driver info: org.openqa.selenium.safari.SafariDriver
Command: [20E7E295-E403-486D-872D-49AD23B046C7, get {url=https://opensource-demo.orangehrmlive.com/web/index.php/auth/login}]
Capabilities {acceptInsecureCerts: false, browserName: Safari, browserVersion: 26.1, platformName: mac, safari:automaticInspection: false, safari:automaticProfiling: false, safari:diagnose: false, safari:experimentalWebSocketUrl: false, safari:platformBuildVersion: 25B78, safari:platformVersion: 26.1, safari:useSimulator: false, setWindowRect: true, strictFileInteractability: false, webkit:WebRTC: {DisableICECandidateFiltering: false, DisableInsecureMediaCapture: false}, webkit:alwaysAllowAutoplay: false}
Session ID: 20E7E295-E403-486D-872D-49AD23B046C7">
      <![CDATA[org.openqa.selenium.NoSuchWindowException: Build info: version: '4.21.0', revision: '79ed462ef4'
System info: os.name: 'Mac OS X', os.arch: 'aarch64', os.version: '26.1', java.version: '21.0.9'
Driver info: org.openqa.selenium.safari.SafariDriver
Command: [20E7E295-E403-486D-872D-49AD23B046C7, get {url=https://opensource-demo.orangehrmlive.com/web/index.php/auth/login}]
Capabilities {acceptInsecureCerts: false, browserName: Safari, browserVersion: 26.1, platformName: mac, safari:automaticInspection: false, safari:automaticProfiling: false, safari:diagnose: false, safari:experimentalWebSocketUrl: false, safari:platformBuildVersion: 25B78, safari:platformVersion: 26.1, safari:useSimulator: false, setWindowRect: true, strictFileInteractability: false, webkit:WebRTC: {DisableICECandidateFiltering: false, DisableInsecureMediaCapture: false}, webkit:alwaysAllowAutoplay: false}
Session ID: 20E7E295-E403-486D-872D-49AD23B046C7
at org.openqa.selenium.remote.ErrorCodec.decode(ErrorCodec.java:167)
at org.openqa.selenium.remote.codec.w3c.W3CHttpResponseCodec.decode(W3CHttpResponseCodec.java:138)
at org.openqa.selenium.remote.codec.w3c.W3CHttpResponseCodec.decode(W3CHttpResponseCodec.java:50)
at org.openqa.selenium.remote.HttpCommandExecutor.execute(HttpCommandExecutor.java:190)
at org.openqa.selenium.remote.service.DriverCommandExecutor.invokeExecute(DriverCommandExecutor.java:216)
at org.openqa.selenium.remote.service.DriverCommandExecutor.execute(DriverCommandExecutor.java:174)
at org.openqa.selenium.remote.RemoteWebDriver.execute(RemoteWebDriver.java:518)
at org.openqa.selenium.remote.RemoteWebDriver.get(RemoteWebDriver.java:300)
at stepdefination.LoginPageSteps.user_is_on_login_page(LoginPageSteps.java:34)
at ✽.user is on login page(file:///Users/sanketmulay/Cucumber_Framework/Cucumber/src/test/resources/com/features/LoginPage.feature:5)
... Removed 3 stack frames]]>
    </failure>
  </testcase> <!-- runScenario -->
  <testcase classname="io.cucumber.testng.AbstractTestNGCucumberTests" name="runScenario" time="11.138">
    <failure type="org.openqa.selenium.NoSuchWindowException" message="Build info: version: &amp;apos;4.21.0&amp;apos;, revision: &amp;apos;79ed462ef4&amp;apos;
System info: os.name: &amp;apos;Mac OS X&amp;apos;, os.arch: &amp;apos;aarch64&amp;apos;, os.version: &amp;apos;26.1&amp;apos;, java.version: &amp;apos;21.0.9&amp;apos;
Driver info: org.openqa.selenium.safari.SafariDriver
Command: [5FFD71C0-3E86-4A1A-BCFB-629C8AFD9CDA, get {url=https://opensource-demo.orangehrmlive.com/web/index.php/auth/login}]
Capabilities {acceptInsecureCerts: false, browserName: Safari, browserVersion: 26.1, platformName: mac, safari:automaticInspection: false, safari:automaticProfiling: false, safari:diagnose: false, safari:experimentalWebSocketUrl: false, safari:platformBuildVersion: 25B78, safari:platformVersion: 26.1, safari:useSimulator: false, setWindowRect: true, strictFileInteractability: false, webkit:WebRTC: {DisableICECandidateFiltering: false, DisableInsecureMediaCapture: false}, webkit:alwaysAllowAutoplay: false}
Session ID: 5FFD71C0-3E86-4A1A-BCFB-629C8AFD9CDA">
      <![CDATA[org.openqa.selenium.NoSuchWindowException: Build info: version: '4.21.0', revision: '79ed462ef4'
System info: os.name: 'Mac OS X', os.arch: 'aarch64', os.version: '26.1', java.version: '21.0.9'
Driver info: org.openqa.selenium.safari.SafariDriver
Command: [5FFD71C0-3E86-4A1A-BCFB-629C8AFD9CDA, get {url=https://opensource-demo.orangehrmlive.com/web/index.php/auth/login}]
Capabilities {acceptInsecureCerts: false, browserName: Safari, browserVersion: 26.1, platformName: mac, safari:automaticInspection: false, safari:automaticProfiling: false, safari:diagnose: false, safari:experimentalWebSocketUrl: false, safari:platformBuildVersion: 25B78, safari:platformVersion: 26.1, safari:useSimulator: false, setWindowRect: true, strictFileInteractability: false, webkit:WebRTC: {DisableICECandidateFiltering: false, DisableInsecureMediaCapture: false}, webkit:alwaysAllowAutoplay: false}
Session ID: 5FFD71C0-3E86-4A1A-BCFB-629C8AFD9CDA
at org.openqa.selenium.remote.ErrorCodec.decode(ErrorCodec.java:167)
at org.openqa.selenium.remote.codec.w3c.W3CHttpResponseCodec.decode(W3CHttpResponseCodec.java:138)
at org.openqa.selenium.remote.codec.w3c.W3CHttpResponseCodec.decode(W3CHttpResponseCodec.java:50)
at org.openqa.selenium.remote.HttpCommandExecutor.execute(HttpCommandExecutor.java:190)
at org.openqa.selenium.remote.service.DriverCommandExecutor.invokeExecute(DriverCommandExecutor.java:216)
at org.openqa.selenium.remote.service.DriverCommandExecutor.execute(DriverCommandExecutor.java:174)
at org.openqa.selenium.remote.RemoteWebDriver.execute(RemoteWebDriver.java:518)
at org.openqa.selenium.remote.RemoteWebDriver.get(RemoteWebDriver.java:300)
at stepdefination.LoginPageSteps.user_is_on_login_page(LoginPageSteps.java:34)
at ✽.user is on login page(file:///Users/sanketmulay/Cucumber_Framework/Cucumber/src/test/resources/com/features/LoginPage.feature:5)
... Removed 3 stack frames]]>
    </failure>
  </testcase> <!-- runScenario -->
  <testcase classname="io.cucumber.testng.AbstractTestNGCucumberTests" name="runScenario" time="11.03">
    <failure type="org.openqa.selenium.NoSuchWindowException" message="Build info: version: &amp;apos;4.21.0&amp;apos;, revision: &amp;apos;79ed462ef4&amp;apos;
System info: os.name: &amp;apos;Mac OS X&amp;apos;, os.arch: &amp;apos;aarch64&amp;apos;, os.version: &amp;apos;26.1&amp;apos;, java.version: &amp;apos;21.0.9&amp;apos;
Driver info: org.openqa.selenium.safari.SafariDriver
Command: [9E91EB21-2B9C-43CB-973F-9B0E28AD63E2, get {url=https://opensource-demo.orangehrmlive.com/web/index.php/auth/login}]
Capabilities {acceptInsecureCerts: false, browserName: Safari, browserVersion: 26.1, platformName: mac, safari:automaticInspection: false, safari:automaticProfiling: false, safari:diagnose: false, safari:experimentalWebSocketUrl: false, safari:platformBuildVersion: 25B78, safari:platformVersion: 26.1, safari:useSimulator: false, setWindowRect: true, strictFileInteractability: false, webkit:WebRTC: {DisableICECandidateFiltering: false, DisableInsecureMediaCapture: false}, webkit:alwaysAllowAutoplay: false}
Session ID: 9E91EB21-2B9C-43CB-973F-9B0E28AD63E2">
      <![CDATA[org.openqa.selenium.NoSuchWindowException: Build info: version: '4.21.0', revision: '79ed462ef4'
System info: os.name: 'Mac OS X', os.arch: 'aarch64', os.version: '26.1', java.version: '21.0.9'
Driver info: org.openqa.selenium.safari.SafariDriver
Command: [9E91EB21-2B9C-43CB-973F-9B0E28AD63E2, get {url=https://opensource-demo.orangehrmlive.com/web/index.php/auth/login}]
Capabilities {acceptInsecureCerts: false, browserName: Safari, browserVersion: 26.1, platformName: mac, safari:automaticInspection: false, safari:automaticProfiling: false, safari:diagnose: false, safari:experimentalWebSocketUrl: false, safari:platformBuildVersion: 25B78, safari:platformVersion: 26.1, safari:useSimulator: false, setWindowRect: true, strictFileInteractability: false, webkit:WebRTC: {DisableICECandidateFiltering: false, DisableInsecureMediaCapture: false}, webkit:alwaysAllowAutoplay: false}
Session ID: 9E91EB21-2B9C-43CB-973F-9B0E28AD63E2
at org.openqa.selenium.remote.ErrorCodec.decode(ErrorCodec.java:167)
at org.openqa.selenium.remote.codec.w3c.W3CHttpResponseCodec.decode(W3CHttpResponseCodec.java:138)
at org.openqa.selenium.remote.codec.w3c.W3CHttpResponseCodec.decode(W3CHttpResponseCodec.java:50)
at org.openqa.selenium.remote.HttpCommandExecutor.execute(HttpCommandExecutor.java:190)
at org.openqa.selenium.remote.service.DriverCommandExecutor.invokeExecute(DriverCommandExecutor.java:216)
at org.openqa.selenium.remote.service.DriverCommandExecutor.execute(DriverCommandExecutor.java:174)
at org.openqa.selenium.remote.RemoteWebDriver.execute(RemoteWebDriver.java:518)
at org.openqa.selenium.remote.RemoteWebDriver.get(RemoteWebDriver.java:300)
at stepdefination.LoginPageSteps.user_is_on_login_page(LoginPageSteps.java:34)
at ✽.user is on login page(file:///Users/sanketmulay/Cucumber_Framework/Cucumber/src/test/resources/com/features/LoginPage.feature:5)
... Removed 3 stack frames]]>
    </failure>
  </testcase> <!-- runScenario -->
  <testcase classname="io.cucumber.testng.AbstractTestNGCucumberTests" name="runScenario" time="11.113">
    <failure type="org.openqa.selenium.NoSuchWindowException" message="Build info: version: &amp;apos;4.21.0&amp;apos;, revision: &amp;apos;79ed462ef4&amp;apos;
System info: os.name: &amp;apos;Mac OS X&amp;apos;, os.arch: &amp;apos;aarch64&amp;apos;, os.version: &amp;apos;26.1&amp;apos;, java.version: &amp;apos;21.0.9&amp;apos;
Driver info: org.openqa.selenium.safari.SafariDriver
Command: [C23E992F-BAD8-47B4-A1D0-C124D7830594, get {url=https://opensource-demo.orangehrmlive.com/web/index.php/auth/login}]
Capabilities {acceptInsecureCerts: false, browserName: Safari, browserVersion: 26.1, platformName: mac, safari:automaticInspection: false, safari:automaticProfiling: false, safari:diagnose: false, safari:experimentalWebSocketUrl: false, safari:platformBuildVersion: 25B78, safari:platformVersion: 26.1, safari:useSimulator: false, setWindowRect: true, strictFileInteractability: false, webkit:WebRTC: {DisableICECandidateFiltering: false, DisableInsecureMediaCapture: false}, webkit:alwaysAllowAutoplay: false}
Session ID: C23E992F-BAD8-47B4-A1D0-C124D7830594">
      <![CDATA[org.openqa.selenium.NoSuchWindowException: Build info: version: '4.21.0', revision: '79ed462ef4'
System info: os.name: 'Mac OS X', os.arch: 'aarch64', os.version: '26.1', java.version: '21.0.9'
Driver info: org.openqa.selenium.safari.SafariDriver
Command: [C23E992F-BAD8-47B4-A1D0-C124D7830594, get {url=https://opensource-demo.orangehrmlive.com/web/index.php/auth/login}]
Capabilities {acceptInsecureCerts: false, browserName: Safari, browserVersion: 26.1, platformName: mac, safari:automaticInspection: false, safari:automaticProfiling: false, safari:diagnose: false, safari:experimentalWebSocketUrl: false, safari:platformBuildVersion: 25B78, safari:platformVersion: 26.1, safari:useSimulator: false, setWindowRect: true, strictFileInteractability: false, webkit:WebRTC: {DisableICECandidateFiltering: false, DisableInsecureMediaCapture: false}, webkit:alwaysAllowAutoplay: false}
Session ID: C23E992F-BAD8-47B4-A1D0-C124D7830594
at org.openqa.selenium.remote.ErrorCodec.decode(ErrorCodec.java:167)
at org.openqa.selenium.remote.codec.w3c.W3CHttpResponseCodec.decode(W3CHttpResponseCodec.java:138)
at org.openqa.selenium.remote.codec.w3c.W3CHttpResponseCodec.decode(W3CHttpResponseCodec.java:50)
at org.openqa.selenium.remote.HttpCommandExecutor.execute(HttpCommandExecutor.java:190)
at org.openqa.selenium.remote.service.DriverCommandExecutor.invokeExecute(DriverCommandExecutor.java:216)
at org.openqa.selenium.remote.service.DriverCommandExecutor.execute(DriverCommandExecutor.java:174)
at org.openqa.selenium.remote.RemoteWebDriver.execute(RemoteWebDriver.java:518)
at org.openqa.selenium.remote.RemoteWebDriver.get(RemoteWebDriver.java:300)
at stepdefination.LoginPageSteps.user_is_on_login_page(LoginPageSteps.java:34)
at ✽.user is on login page(file:///Users/sanketmulay/Cucumber_Framework/Cucumber/src/test/resources/com/features/LoginPage.feature:5)
... Removed 3 stack frames]]>
    </failure>
  </testcase> <!-- runScenario -->
  <testcase classname="io.cucumber.testng.AbstractTestNGCucumberTests" name="runScenario" time="11.141">
    <failure type="org.openqa.selenium.NoSuchWindowException" message="Build info: version: &amp;apos;4.21.0&amp;apos;, revision: &amp;apos;79ed462ef4&amp;apos;
System info: os.name: &amp;apos;Mac OS X&amp;apos;, os.arch: &amp;apos;aarch64&amp;apos;, os.version: &amp;apos;26.1&amp;apos;, java.version: &amp;apos;21.0.9&amp;apos;
Driver info: org.openqa.selenium.safari.SafariDriver
Command: [E87E7AC4-216B-4D99-8F9E-53F55E4D3A8E, get {url=https://opensource-demo.orangehrmlive.com/web/index.php/auth/login}]
Capabilities {acceptInsecureCerts: false, browserName: Safari, browserVersion: 26.1, platformName: mac, safari:automaticInspection: false, safari:automaticProfiling: false, safari:diagnose: false, safari:experimentalWebSocketUrl: false, safari:platformBuildVersion: 25B78, safari:platformVersion: 26.1, safari:useSimulator: false, setWindowRect: true, strictFileInteractability: false, webkit:WebRTC: {DisableICECandidateFiltering: false, DisableInsecureMediaCapture: false}, webkit:alwaysAllowAutoplay: false}
Session ID: E87E7AC4-216B-4D99-8F9E-53F55E4D3A8E">
      <![CDATA[org.openqa.selenium.NoSuchWindowException: Build info: version: '4.21.0', revision: '79ed462ef4'
System info: os.name: 'Mac OS X', os.arch: 'aarch64', os.version: '26.1', java.version: '21.0.9'
Driver info: org.openqa.selenium.safari.SafariDriver
Command: [E87E7AC4-216B-4D99-8F9E-53F55E4D3A8E, get {url=https://opensource-demo.orangehrmlive.com/web/index.php/auth/login}]
Capabilities {acceptInsecureCerts: false, browserName: Safari, browserVersion: 26.1, platformName: mac, safari:automaticInspection: false, safari:automaticProfiling: false, safari:diagnose: false, safari:experimentalWebSocketUrl: false, safari:platformBuildVersion: 25B78, safari:platformVersion: 26.1, safari:useSimulator: false, setWindowRect: true, strictFileInteractability: false, webkit:WebRTC: {DisableICECandidateFiltering: false, DisableInsecureMediaCapture: false}, webkit:alwaysAllowAutoplay: false}
Session ID: E87E7AC4-216B-4D99-8F9E-53F55E4D3A8E
at org.openqa.selenium.remote.ErrorCodec.decode(ErrorCodec.java:167)
at org.openqa.selenium.remote.codec.w3c.W3CHttpResponseCodec.decode(W3CHttpResponseCodec.java:138)
at org.openqa.selenium.remote.codec.w3c.W3CHttpResponseCodec.decode(W3CHttpResponseCodec.java:50)
at org.openqa.selenium.remote.HttpCommandExecutor.execute(HttpCommandExecutor.java:190)
at org.openqa.selenium.remote.service.DriverCommandExecutor.invokeExecute(DriverCommandExecutor.java:216)
at org.openqa.selenium.remote.service.DriverCommandExecutor.execute(DriverCommandExecutor.java:174)
at org.openqa.selenium.remote.RemoteWebDriver.execute(RemoteWebDriver.java:518)
at org.openqa.selenium.remote.RemoteWebDriver.get(RemoteWebDriver.java:300)
at stepdefination.LoginPageSteps.user_is_on_login_page(LoginPageSteps.java:34)
at ✽.user is on login page(file:///Users/sanketmulay/Cucumber_Framework/Cucumber/src/test/resources/com/features/LoginPage.feature:5)
... Removed 3 stack frames]]>
    </failure>
  </testcase> <!-- runScenario -->
  <testcase classname="io.cucumber.testng.AbstractTestNGCucumberTests" name="runScenario" time="11.118">
    <failure type="org.openqa.selenium.NoSuchWindowException" message="Build info: version: &amp;apos;4.21.0&amp;apos;, revision: &amp;apos;79ed462ef4&amp;apos;
System info: os.name: &amp;apos;Mac OS X&amp;apos;, os.arch: &amp;apos;aarch64&amp;apos;, os.version: &amp;apos;26.1&amp;apos;, java.version: &amp;apos;21.0.9&amp;apos;
Driver info: org.openqa.selenium.safari.SafariDriver
Command: [B33B376E-500B-49BE-9A21-C26883DF910D, get {url=https://opensource-demo.orangehrmlive.com/web/index.php/auth/login}]
Capabilities {acceptInsecureCerts: false, browserName: Safari, browserVersion: 26.1, platformName: mac, safari:automaticInspection: false, safari:automaticProfiling: false, safari:diagnose: false, safari:experimentalWebSocketUrl: false, safari:platformBuildVersion: 25B78, safari:platformVersion: 26.1, safari:useSimulator: false, setWindowRect: true, strictFileInteractability: false, webkit:WebRTC: {DisableICECandidateFiltering: false, DisableInsecureMediaCapture: false}, webkit:alwaysAllowAutoplay: false}
Session ID: B33B376E-500B-49BE-9A21-C26883DF910D">
      <![CDATA[org.openqa.selenium.NoSuchWindowException: Build info: version: '4.21.0', revision: '79ed462ef4'
System info: os.name: 'Mac OS X', os.arch: 'aarch64', os.version: '26.1', java.version: '21.0.9'
Driver info: org.openqa.selenium.safari.SafariDriver
Command: [B33B376E-500B-49BE-9A21-C26883DF910D, get {url=https://opensource-demo.orangehrmlive.com/web/index.php/auth/login}]
Capabilities {acceptInsecureCerts: false, browserName: Safari, browserVersion: 26.1, platformName: mac, safari:automaticInspection: false, safari:automaticProfiling: false, safari:diagnose: false, safari:experimentalWebSocketUrl: false, safari:platformBuildVersion: 25B78, safari:platformVersion: 26.1, safari:useSimulator: false, setWindowRect: true, strictFileInteractability: false, webkit:WebRTC: {DisableICECandidateFiltering: false, DisableInsecureMediaCapture: false}, webkit:alwaysAllowAutoplay: false}
Session ID: B33B376E-500B-49BE-9A21-C26883DF910D
at org.openqa.selenium.remote.ErrorCodec.decode(ErrorCodec.java:167)
at org.openqa.selenium.remote.codec.w3c.W3CHttpResponseCodec.decode(W3CHttpResponseCodec.java:138)
at org.openqa.selenium.remote.codec.w3c.W3CHttpResponseCodec.decode(W3CHttpResponseCodec.java:50)
at org.openqa.selenium.remote.HttpCommandExecutor.execute(HttpCommandExecutor.java:190)
at org.openqa.selenium.remote.service.DriverCommandExecutor.invokeExecute(DriverCommandExecutor.java:216)
at org.openqa.selenium.remote.service.DriverCommandExecutor.execute(DriverCommandExecutor.java:174)
at org.openqa.selenium.remote.RemoteWebDriver.execute(RemoteWebDriver.java:518)
at org.openqa.selenium.remote.RemoteWebDriver.get(RemoteWebDriver.java:300)
at stepdefination.LoginPageSteps.user_is_on_login_page(LoginPageSteps.java:34)
at ✽.user is on login page(file:///Users/sanketmulay/Cucumber_Framework/Cucumber/src/test/resources/com/features/LoginPage.feature:5)
... Removed 3 stack frames]]>
    </failure>
  </testcase> <!-- runScenario -->
  <testcase classname="io.cucumber.testng.AbstractTestNGCucumberTests" name="runScenario" time="11.099">
    <failure type="org.openqa.selenium.NoSuchWindowException" message="Build info: version: &amp;apos;4.21.0&amp;apos;, revision: &amp;apos;79ed462ef4&amp;apos;
System info: os.name: &amp;apos;Mac OS X&amp;apos;, os.arch: &amp;apos;aarch64&amp;apos;, os.version: &amp;apos;26.1&amp;apos;, java.version: &amp;apos;21.0.9&amp;apos;
Driver info: org.openqa.selenium.safari.SafariDriver
Command: [FAE6C979-013D-45EB-BA09-4E7C5F3ABA2A, get {url=https://opensource-demo.orangehrmlive.com/web/index.php/auth/login}]
Capabilities {acceptInsecureCerts: false, browserName: Safari, browserVersion: 26.1, platformName: mac, safari:automaticInspection: false, safari:automaticProfiling: false, safari:diagnose: false, safari:experimentalWebSocketUrl: false, safari:platformBuildVersion: 25B78, safari:platformVersion: 26.1, safari:useSimulator: false, setWindowRect: true, strictFileInteractability: false, webkit:WebRTC: {DisableICECandidateFiltering: false, DisableInsecureMediaCapture: false}, webkit:alwaysAllowAutoplay: false}
Session ID: FAE6C979-013D-45EB-BA09-4E7C5F3ABA2A">
      <![CDATA[org.openqa.selenium.NoSuchWindowException: Build info: version: '4.21.0', revision: '79ed462ef4'
System info: os.name: 'Mac OS X', os.arch: 'aarch64', os.version: '26.1', java.version: '21.0.9'
Driver info: org.openqa.selenium.safari.SafariDriver
Command: [FAE6C979-013D-45EB-BA09-4E7C5F3ABA2A, get {url=https://opensource-demo.orangehrmlive.com/web/index.php/auth/login}]
Capabilities {acceptInsecureCerts: false, browserName: Safari, browserVersion: 26.1, platformName: mac, safari:automaticInspection: false, safari:automaticProfiling: false, safari:diagnose: false, safari:experimentalWebSocketUrl: false, safari:platformBuildVersion: 25B78, safari:platformVersion: 26.1, safari:useSimulator: false, setWindowRect: true, strictFileInteractability: false, webkit:WebRTC: {DisableICECandidateFiltering: false, DisableInsecureMediaCapture: false}, webkit:alwaysAllowAutoplay: false}
Session ID: FAE6C979-013D-45EB-BA09-4E7C5F3ABA2A
at org.openqa.selenium.remote.ErrorCodec.decode(ErrorCodec.java:167)
at org.openqa.selenium.remote.codec.w3c.W3CHttpResponseCodec.decode(W3CHttpResponseCodec.java:138)
at org.openqa.selenium.remote.codec.w3c.W3CHttpResponseCodec.decode(W3CHttpResponseCodec.java:50)
at org.openqa.selenium.remote.HttpCommandExecutor.execute(HttpCommandExecutor.java:190)
at org.openqa.selenium.remote.service.DriverCommandExecutor.invokeExecute(DriverCommandExecutor.java:216)
at org.openqa.selenium.remote.service.DriverCommandExecutor.execute(DriverCommandExecutor.java:174)
at org.openqa.selenium.remote.RemoteWebDriver.execute(RemoteWebDriver.java:518)
at org.openqa.selenium.remote.RemoteWebDriver.get(RemoteWebDriver.java:300)
at stepdefination.LoginPageSteps.user_is_on_login_page(LoginPageSteps.java:34)
at ✽.user is on login page(file:///Users/sanketmulay/Cucumber_Framework/Cucumber/src/test/resources/com/features/LoginPage.feature:5)
... Removed 3 stack frames]]>
    </failure>
  </testcase> <!-- runScenario -->
  <testcase classname="io.cucumber.testng.AbstractTestNGCucumberTests" name="runScenario" time="11.113">
    <failure type="org.openqa.selenium.NoSuchWindowException" message="Build info: version: &amp;apos;4.21.0&amp;apos;, revision: &amp;apos;79ed462ef4&amp;apos;
System info: os.name: &amp;apos;Mac OS X&amp;apos;, os.arch: &amp;apos;aarch64&amp;apos;, os.version: &amp;apos;26.1&amp;apos;, java.version: &amp;apos;21.0.9&amp;apos;
Driver info: org.openqa.selenium.safari.SafariDriver
Command: [058F5C77-221B-4A74-B585-5BC4A6D5F3D6, get {url=https://opensource-demo.orangehrmlive.com/web/index.php/auth/login}]
Capabilities {acceptInsecureCerts: false, browserName: Safari, browserVersion: 26.1, platformName: mac, safari:automaticInspection: false, safari:automaticProfiling: false, safari:diagnose: false, safari:experimentalWebSocketUrl: false, safari:platformBuildVersion: 25B78, safari:platformVersion: 26.1, safari:useSimulator: false, setWindowRect: true, strictFileInteractability: false, webkit:WebRTC: {DisableICECandidateFiltering: false, DisableInsecureMediaCapture: false}, webkit:alwaysAllowAutoplay: false}
Session ID: 058F5C77-221B-4A74-B585-5BC4A6D5F3D6">
      <![CDATA[org.openqa.selenium.NoSuchWindowException: Build info: version: '4.21.0', revision: '79ed462ef4'
System info: os.name: 'Mac OS X', os.arch: 'aarch64', os.version: '26.1', java.version: '21.0.9'
Driver info: org.openqa.selenium.safari.SafariDriver
Command: [058F5C77-221B-4A74-B585-5BC4A6D5F3D6, get {url=https://opensource-demo.orangehrmlive.com/web/index.php/auth/login}]
Capabilities {acceptInsecureCerts: false, browserName: Safari, browserVersion: 26.1, platformName: mac, safari:automaticInspection: false, safari:automaticProfiling: false, safari:diagnose: false, safari:experimentalWebSocketUrl: false, safari:platformBuildVersion: 25B78, safari:platformVersion: 26.1, safari:useSimulator: false, setWindowRect: true, strictFileInteractability: false, webkit:WebRTC: {DisableICECandidateFiltering: false, DisableInsecureMediaCapture: false}, webkit:alwaysAllowAutoplay: false}
Session ID: 058F5C77-221B-4A74-B585-5BC4A6D5F3D6
at org.openqa.selenium.remote.ErrorCodec.decode(ErrorCodec.java:167)
at org.openqa.selenium.remote.codec.w3c.W3CHttpResponseCodec.decode(W3CHttpResponseCodec.java:138)
at org.openqa.selenium.remote.codec.w3c.W3CHttpResponseCodec.decode(W3CHttpResponseCodec.java:50)
at org.openqa.selenium.remote.HttpCommandExecutor.execute(HttpCommandExecutor.java:190)
at org.openqa.selenium.remote.service.DriverCommandExecutor.invokeExecute(DriverCommandExecutor.java:216)
at org.openqa.selenium.remote.service.DriverCommandExecutor.execute(DriverCommandExecutor.java:174)
at org.openqa.selenium.remote.RemoteWebDriver.execute(RemoteWebDriver.java:518)
at org.openqa.selenium.remote.RemoteWebDriver.get(RemoteWebDriver.java:300)
at stepdefination.LoginPageSteps.user_is_on_login_page(LoginPageSteps.java:34)
at ✽.user is on login page(file:///Users/sanketmulay/Cucumber_Framework/Cucumber/src/test/resources/com/features/LoginPage.feature:5)
... Removed 3 stack frames]]>
    </failure>
  </testcase> <!-- runScenario -->
</testsuite> <!-- Alarm Feature - Safari -->
