<?xml version="1.0" encoding="UTF-8"?>
<testng-results ignored="0" total="2" passed="2" failed="0" skipped="0">
  <reporter-output>
  </reporter-output>
  <suite started-at="2026-02-12T15:43:46 IST" name="Default suite" finished-at="2026-02-12T15:44:37 IST" duration-ms="50807">
    <groups>
      <group name="cucumber">
        <method signature="AbstractTestNGCucumberTests.runScenario(io.cucumber.testng.PickleWrapper,io.cucumber.testng.FeatureWrapper)[pri:0, instance:com.Runner.MyTestRunner@f6efaab]" name="runScenario" class="io.cucumber.testng.AbstractTestNGCucumberTests"/>
      </group> <!-- cucumber -->
    </groups>
    <test started-at="2026-02-12T15:43:46 IST" name="Default test" finished-at="2026-02-12T15:44:37 IST" duration-ms="50807">
      <class name="com.Runner.MyTestRunner">
        <test-method is-config="true" signature="setUpClass(org.testng.ITestContext)[pri:0, instance:com.Runner.MyTestRunner@f6efaab]" started-at="2026-02-12T15:43:46 IST" name="setUpClass" finished-at="2026-02-12T15:43:46 IST" duration-ms="224" status="PASS">
          <params>
            <param index="0">
              <value>
                <![CDATA[org.testng.TestRunner@515ab3f2]]>
              </value>
            </param>
          </params>
          <reporter-output>
          </reporter-output>
        </test-method> <!-- setUpClass -->
        <test-method signature="runScenario(io.cucumber.testng.PickleWrapper,io.cucumber.testng.FeatureWrapper)[pri:0, instance:com.Runner.MyTestRunner@f6efaab]" started-at="2026-02-12T15:43:46 IST" name="runScenario" description="Runs Cucumber Scenarios" data-provider="scenarios" finished-at="2026-02-12T15:44:13 IST" duration-ms="26665" status="PASS">
          <params>
            <param index="0">
              <value>
                <![CDATA["Verify Employees on Leave Today configuration popup opens successfully"]]>
              </value>
            </param>
            <param index="1">
              <value>
                <![CDATA["Employees on Leave Today Configuration"]]>
              </value>
            </param>
          </params>
          <reporter-output>
          </reporter-output>
        </test-method> <!-- runScenario -->
        <test-method signature="runScenario(io.cucumber.testng.PickleWrapper,io.cucumber.testng.FeatureWrapper)[pri:0, instance:com.Runner.MyTestRunner@f6efaab]" started-at="2026-02-12T15:44:13 IST" name="runScenario" description="Runs Cucumber Scenarios" data-provider="scenarios" finished-at="2026-02-12T15:44:34 IST" duration-ms="20863" status="PASS">
          <params>
            <param index="0">
              <value>
                <![CDATA["Verify user can enable accessible employees toggle and save"]]>
              </value>
            </param>
            <param index="1">
              <value>
                <![CDATA["Employees on Leave Today Configuration"]]>
              </value>
            </param>
          </params>
          <reporter-output>
          </reporter-output>
        </test-method> <!-- runScenario -->
        <test-method is-config="true" signature="tearDownClass()[pri:0, instance:com.Runner.MyTestRunner@f6efaab]" started-at="2026-02-12T15:44:34 IST" name="tearDownClass" finished-at="2026-02-12T15:44:37 IST" duration-ms="3037" status="PASS">
          <reporter-output>
          </reporter-output>
        </test-method> <!-- tearDownClass -->
      </class> <!-- com.Runner.MyTestRunner -->
    </test> <!-- Default test -->
  </suite> <!-- Default suite -->
</testng-results>
