<?xml version="1.0" encoding="UTF-8"?>
<testng-results ignored="0" total="3" passed="3" failed="0" skipped="0">
  <reporter-output>
  </reporter-output>
  <suite started-at="2026-02-10T13:05:56 IST" name="Default suite" finished-at="2026-02-10T13:06:57 IST" duration-ms="61435">
    <groups>
      <group name="cucumber">
        <method signature="AbstractTestNGCucumberTests.runScenario(io.cucumber.testng.PickleWrapper,io.cucumber.testng.FeatureWrapper)[pri:0, instance:com.Runner.MyTestRunner@4b2bac3f]" name="runScenario" class="io.cucumber.testng.AbstractTestNGCucumberTests"/>
      </group> <!-- cucumber -->
    </groups>
    <test started-at="2026-02-10T13:05:56 IST" name="Default test" finished-at="2026-02-10T13:06:57 IST" duration-ms="61435">
      <class name="com.Runner.MyTestRunner">
        <test-method is-config="true" signature="setUpClass(org.testng.ITestContext)[pri:0, instance:com.Runner.MyTestRunner@4b2bac3f]" started-at="2026-02-10T13:05:56 IST" name="setUpClass" finished-at="2026-02-10T13:05:56 IST" duration-ms="217" status="PASS">
          <params>
            <param index="0">
              <value>
                <![CDATA[org.testng.TestRunner@49601f82]]>
              </value>
            </param>
          </params>
          <reporter-output>
          </reporter-output>
        </test-method> <!-- setUpClass -->
        <test-method signature="runScenario(io.cucumber.testng.PickleWrapper,io.cucumber.testng.FeatureWrapper)[pri:0, instance:com.Runner.MyTestRunner@4b2bac3f]" started-at="2026-02-10T13:05:56 IST" name="runScenario" description="Runs Cucumber Scenarios" data-provider="scenarios" finished-at="2026-02-10T13:06:34 IST" duration-ms="37881" status="PASS">
          <params>
            <param index="0">
              <value>
                <![CDATA["Search user by invalid Username"]]>
              </value>
            </param>
            <param index="1">
              <value>
                <![CDATA["User Search Functionality"]]>
              </value>
            </param>
          </params>
          <reporter-output>
          </reporter-output>
        </test-method> <!-- runScenario -->
        <test-method signature="runScenario(io.cucumber.testng.PickleWrapper,io.cucumber.testng.FeatureWrapper)[pri:0, instance:com.Runner.MyTestRunner@4b2bac3f]" started-at="2026-02-10T13:05:56 IST" name="runScenario" description="Runs Cucumber Scenarios" data-provider="scenarios" finished-at="2026-02-10T13:06:34 IST" duration-ms="38247" status="PASS">
          <params>
            <param index="0">
              <value>
                <![CDATA["Search user by valid credentials"]]>
              </value>
            </param>
            <param index="1">
              <value>
                <![CDATA["User Search Functionality"]]>
              </value>
            </param>
          </params>
          <reporter-output>
          </reporter-output>
        </test-method> <!-- runScenario -->
        <test-method signature="runScenario(io.cucumber.testng.PickleWrapper,io.cucumber.testng.FeatureWrapper)[pri:0, instance:com.Runner.MyTestRunner@4b2bac3f]" started-at="2026-02-10T13:05:56 IST" name="runScenario" description="Runs Cucumber Scenarios" data-provider="scenarios" finished-at="2026-02-10T13:06:34 IST" duration-ms="38255" status="PASS">
          <params>
            <param index="0">
              <value>
                <![CDATA["Search user by invalid User Role"]]>
              </value>
            </param>
            <param index="1">
              <value>
                <![CDATA["User Search Functionality"]]>
              </value>
            </param>
          </params>
          <reporter-output>
          </reporter-output>
        </test-method> <!-- runScenario -->
        <test-method is-config="true" signature="tearDownClass()[pri:0, instance:com.Runner.MyTestRunner@4b2bac3f]" started-at="2026-02-10T13:06:34 IST" name="tearDownClass" finished-at="2026-02-10T13:06:57 IST" duration-ms="22949" status="PASS">
          <reporter-output>
          </reporter-output>
        </test-method> <!-- tearDownClass -->
      </class> <!-- com.Runner.MyTestRunner -->
    </test> <!-- Default test -->
  </suite> <!-- Default suite -->
</testng-results>
