<?xml version="1.0" encoding="UTF-8"?>
<!-- Generated by org.testng.reporters.JUnitReportReporter -->
<testsuite hostname="Sankets-MacBook-Pro.local" failures="1" tests="2" name="com.Runner.FiledRun" time="38.492" errors="0" timestamp="2026-02-10T19:11:26 IST" skipped="0">
  <testcase classname="com.Runner.FiledRun" name="runScenario" time="19.003"/>
  <testcase classname="com.Runner.FiledRun" name="runScenario" time="19.489">
    <failure message="Alarm page did not open as expected" type="java.lang.AssertionError">
      <![CDATA[java.lang.AssertionError: Alarm page did not open as expected
at stepdefination.AlarmPageSteps.alarm_page_should_open_successfully(AlarmPageSteps.java:53)
at ✽.Alarm page should open successfully(file:///Users/sanketmulay/Cucumber_Framework/OrangeHRM_Automation/src/test/resources/com/features/AlarmPage.feature:9)
]]>
    </failure>
  </testcase> <!-- runScenario -->
</testsuite> <!-- com.Runner.FiledRun -->
