<?xml version="1.0" encoding="UTF-8"?>
<!-- Generated by org.testng.reporters.JUnitReportReporter -->
<testsuite hostname="Sankets-MacBook-Pro.local" failures="0" tests="3" name="com.Runner.MyTestRunner" time="107.403" errors="1" timestamp="2026-02-09T13:54:21 IST" skipped="0">
  <testcase classname="com.Runner.MyTestRunner" name="runScenario" time="38.827">
    <error message="Expected condition failed: waiting for element to be clickable: By.xpath: //div[@role=&#039;option&#039;]//span[contains(text(),&#039;Parneet Kaur user&#039;)] (tried for 10 second(s) with 500 milliseconds interval)
Build info: version: &#039;4.21.0&#039;, revision: &#039;79ed462ef4&#039;
System info: os.name: &#039;Mac OS X&#039;, os.arch: &#039;aarch64&#039;, os.version: &#039;26.2&#039;, java.version: &#039;21.0.9&#039;
Driver info: org.openqa.selenium.chrome.ChromeDriver
Capabilities {acceptInsecureCerts: false, browserName: chrome, browserVersion: 144.0.7559.133, chrome: {chromedriverVersion: 144.0.7559.133 (7da823b1d59..., userDataDir: /var/folders/gm/j9jmyw7x3mb...}, fedcm:accounts: true, goog:chromeOptions: {debuggerAddress: localhost:61468}, goog:processID: 96064, networkConnectionEnabled: false, pageLoadStrategy: normal, platformName: mac, proxy: Proxy(), se:cdp: ws://localhost:61468/devtoo..., se:cdpVersion: 144.0.7559.133, setWindowRect: true, strictFileInteractability: false, timeouts: {implicit: 0, pageLoad: 300000, script: 30000}, unhandledPromptBehavior: dismiss and notify, webauthn:extension:credBlob: true, webauthn:extension:largeBlob: true, webauthn:extension:minPinLength: true, webauthn:extension:prf: true, webauthn:virtualAuthenticators: true}
Session ID: 78e717dfe82959144fb796f0ccc4073c" type="org.openqa.selenium.TimeoutException">
      <![CDATA[org.openqa.selenium.TimeoutException: Expected condition failed: waiting for element to be clickable: By.xpath: //div[@role='option']//span[contains(text(),'Parneet Kaur user')] (tried for 10 second(s) with 500 milliseconds interval)
Build info: version: '4.21.0', revision: '79ed462ef4'
System info: os.name: 'Mac OS X', os.arch: 'aarch64', os.version: '26.2', java.version: '21.0.9'
Driver info: org.openqa.selenium.chrome.ChromeDriver
Capabilities {acceptInsecureCerts: false, browserName: chrome, browserVersion: 144.0.7559.133, chrome: {chromedriverVersion: 144.0.7559.133 (7da823b1d59..., userDataDir: /var/folders/gm/j9jmyw7x3mb...}, fedcm:accounts: true, goog:chromeOptions: {debuggerAddress: localhost:61468}, goog:processID: 96064, networkConnectionEnabled: false, pageLoadStrategy: normal, platformName: mac, proxy: Proxy(), se:cdp: ws://localhost:61468/devtoo..., se:cdpVersion: 144.0.7559.133, setWindowRect: true, strictFileInteractability: false, timeouts: {implicit: 0, pageLoad: 300000, script: 30000}, unhandledPromptBehavior: dismiss and notify, webauthn:extension:credBlob: true, webauthn:extension:largeBlob: true, webauthn:extension:minPinLength: true, webauthn:extension:prf: true, webauthn:virtualAuthenticators: true}
Session ID: 78e717dfe82959144fb796f0ccc4073c
at org.openqa.selenium.support.ui.WebDriverWait.timeoutException(WebDriverWait.java:84)
at org.openqa.selenium.support.ui.FluentWait.until(FluentWait.java:228)
at com.pages.AdminPage.selectUserFromAutoSuggestion(AdminPage.java:133)
at stepdefination.AdminPageSteps.search_user_name(AdminPageSteps.java:83)
at ✽.Search User Name(file:///Users/sanketmulay/Cucumber_Framework/OrangeHRM_Automation/src/test/resources/com/features/Admin.feature:23)
]]>
    </error>
  </testcase> <!-- runScenario -->
  <testcase classname="com.Runner.MyTestRunner" name="runScenario" time="33.005"/>
  <testcase classname="com.Runner.MyTestRunner" name="runScenario" time="35.571"/>
</testsuite> <!-- com.Runner.MyTestRunner -->
