<?xml version="1.0" encoding="UTF-8"?>
<!-- Generated by org.testng.reporters.JUnitReportReporter -->
<testsuite hostname="Sankets-MacBook-Pro.local" failures="1" tests="11" name="com.Runner.MyTestRunner" time="267.752" errors="0" timestamp="2026-02-12T17:23:04 IST" skipped="0">
  <testcase classname="com.Runner.MyTestRunner" name="runScenario" time="27.937"/>
  <testcase classname="com.Runner.MyTestRunner" name="runScenario" time="34.232"/>
  <testcase classname="com.Runner.MyTestRunner" name="runScenario" time="18.009"/>
  <testcase classname="com.Runner.MyTestRunner" name="runScenario" time="23.315"/>
  <testcase classname="com.Runner.MyTestRunner" name="runScenario" time="27.988"/>
  <testcase classname="com.Runner.MyTestRunner" name="runScenario" time="11.408"/>
  <testcase classname="com.Runner.MyTestRunner" name="runScenario" time="17.436"/>
  <testcase classname="com.Runner.MyTestRunner" name="runScenario" time="42.533"/>
  <testcase classname="com.Runner.MyTestRunner" name="runScenario" time="20.131"/>
  <testcase classname="com.Runner.MyTestRunner" name="runScenario" time="22.856"/>
  <testcase classname="com.Runner.MyTestRunner" name="runScenario" time="21.907">
    <failure message="Error message is not displayed expected [true] but found [false]" type="java.lang.AssertionError">
      <![CDATA[java.lang.AssertionError: Error message is not displayed expected [true] but found [false]
at org.testng.Assert.fail(Assert.java:111)
at org.testng.Assert.failNotEquals(Assert.java:1578)
at org.testng.Assert.assertTrue(Assert.java:57)
at stepdefination.LoginPageSteps.user_should_see(LoginPageSteps.java:149)
at ✽.user should see "Invalid credentials"(file:///Users/sanketmulay/Cucumber_Framework/OrangeHRM_Automation/src/test/resources/com/features/LoginPage.feature:41)
]]>
    </failure>
  </testcase> <!-- runScenario -->
</testsuite> <!-- com.Runner.MyTestRunner -->
